Using pre-set license
Built from '2020.3/staging' branch; Version is '2020.3.11f1 (99c7afb366b3) revision 10078127'; Using compiler version '192528614'; Build Type 'Release'
OS: 'Windows 10 Home; OS build 18363.1556; Version 1909; 64bit' Language: 'en' Physical Memory: 16257 MB
BatchMode: 1, IsHumanControllingUs: 0, StartBugReporterOnCrash: 0, Is64bit: 1, IsPro: 0

 COMMAND LINE ARGUMENTS:
E:\Unity projects SSD\Editor location path\2020.3.11f1\Editor\Unity.exe
-adb2
-batchMode
-noUpm
-name
AssetImportWorker0
-projectPath
E:/Unity projects SSD/JS GIT/JS-unity
-logFile
Logs/AssetImportWorker0.log
-srvPort
53451
Successfully changed project path to: E:/Unity projects SSD/JS GIT/JS-unity
E:/Unity projects SSD/JS GIT/JS-unity
Using Asset Import Pipeline V2.
Refreshing native plugins compatible for Editor in 41.72 ms, found 2 plugins.
Preloading 0 native plugins for Editor in 0.00 ms.
Initialize engine version: 2020.3.11f1 (99c7afb366b3)
[Subsystems] Discovering subsystems at path E:/Unity projects SSD/Editor location path/2020.3.11f1/Editor/Data/Resources/UnitySubsystems
[Subsystems] Discovering subsystems at path E:/Unity projects SSD/JS GIT/JS-unity/Assets
GfxDevice: creating device client; threaded=0
Direct3D:
    Version:  Direct3D 11.0 [level 11.1]
    Renderer: NVIDIA GeForce GTX 1070 (ID=0x1ba1)
    Vendor:   
    VRAM:     8081 MB
    Driver:   27.21.14.6192
Initialize mono
Mono path[0] = 'E:/Unity projects SSD/Editor location path/2020.3.11f1/Editor/Data/Managed'
Mono path[1] = 'E:/Unity projects SSD/Editor location path/2020.3.11f1/Editor/Data/MonoBleedingEdge/lib/mono/unityjit'
Mono config path = 'E:/Unity projects SSD/Editor location path/2020.3.11f1/Editor/Data/MonoBleedingEdge/etc'
Using monoOptions --debugger-agent=transport=dt_socket,embedding=1,server=y,suspend=n,address=127.0.0.1:56144
Begin MonoManager ReloadAssembly
Registering precompiled unity dll's ...
Register platform support module: E:/Unity projects SSD/Editor location path/2020.3.11f1/Editor/Data/PlaybackEngines/WebGLSupport/UnityEditor.WebGL.Extensions.dll
Register platform support module: E:/Unity projects SSD/Editor location path/2020.3.11f1/Editor/Data/PlaybackEngines/WindowsStandaloneSupport/UnityEditor.WindowsStandalone.Extensions.dll
Registered in 0.004928 seconds.
Native extension for WindowsStandalone target not found
Native extension for WebGL target not found
Refreshing native plugins compatible for Editor in 34.04 ms, found 2 plugins.
Preloading 0 native plugins for Editor in 0.00 ms.
Mono: successfully reloaded assembly
- Completed reload, in  3.073 seconds
Platform modules already initialized, skipping
Registering precompiled user dll's ...
Registered in 0.008665 seconds.
Begin MonoManager ReloadAssembly
Native extension for WindowsStandalone target not found
Native extension for WebGL target not found
Refreshing native plugins compatible for Editor in 0.72 ms, found 2 plugins.
Preloading 0 native plugins for Editor in 0.00 ms.
Mono: successfully reloaded assembly
- Completed reload, in  1.360 seconds
Platform modules already initialized, skipping
========================================================================
Worker process is ready to serve import requests
Launched and connected shader compiler UnityShaderCompiler.exe after 0.06 seconds
Refreshing native plugins compatible for Editor in 0.27 ms, found 2 plugins.
Preloading 0 native plugins for Editor in 0.00 ms.
Unloading 1387 Unused Serialized files (Serialized files now loaded: 0)
System memory in use before: 64.8 MB.
System memory in use after: 64.8 MB.

Unloading 19 unused Assets to reduce memory usage. Loaded Objects now: 1821.
Total: 2.945100 ms (FindLiveObjects: 0.248300 ms CreateObjectMapping: 0.171400 ms MarkObjects: 2.376400 ms  DeleteObjects: 0.148200 ms)

========================================================================
Received Import Request.
  path: Assets/MT
  artifactKey: Guid(13b3871490adcad43a330aaa03659707) Importer(815301076,1909f56bfc062723c751e8b465ee728b)
Start importing Assets/MT using Guid(13b3871490adcad43a330aaa03659707) Importer(815301076,1909f56bfc062723c751e8b465ee728b)  -> (artifact id: 'e7c1ac7e23ee75ad76af2f9d4a6ccfc2') in 0.013253 seconds
  Import took 0.015842 seconds .

========================================================================
Received Prepare
Registering precompiled user dll's ...
Registered in 0.007148 seconds.
Begin MonoManager ReloadAssembly
Native extension for WindowsStandalone target not found
Native extension for WebGL target not found
Refreshing native plugins compatible for Editor in 0.31 ms, found 2 plugins.
Preloading 0 native plugins for Editor in 0.00 ms.
Mono: successfully reloaded assembly
- Completed reload, in  1.236 seconds
Platform modules already initialized, skipping
Refreshing native plugins compatible for Editor in 0.34 ms, found 2 plugins.
Preloading 0 native plugins for Editor in 0.00 ms.
Unloading 1384 Unused Serialized files (Serialized files now loaded: 0)
System memory in use before: 64.7 MB.
System memory in use after: 64.8 MB.

Unloading 14 unused Assets to reduce memory usage. Loaded Objects now: 1826.
Total: 1.902300 ms (FindLiveObjects: 0.124600 ms CreateObjectMapping: 0.038400 ms MarkObjects: 1.640200 ms  DeleteObjects: 0.097800 ms)

========================================================================
Received Import Request.
  Time since last request: 13.227738 seconds.
  path: Assets/Scenes/MT.unity
  artifactKey: Guid(3dd61de1d5d49db42a804770b376ba0e) Importer(815301076,1909f56bfc062723c751e8b465ee728b)
Start importing Assets/Scenes/MT.unity using Guid(3dd61de1d5d49db42a804770b376ba0e) Importer(815301076,1909f56bfc062723c751e8b465ee728b)  -> (artifact id: 'e9f5fa4c42d16dc9d2931e4364ab8abb') in 0.018704 seconds
  Import took 0.021642 seconds .

========================================================================
Received Import Request.
  Time since last request: 10.573064 seconds.
  path: Assets/Scripts/MT.cs
  artifactKey: Guid(08cf4ab090295c74f9d78fdd892211de) Importer(815301076,1909f56bfc062723c751e8b465ee728b)
Start importing Assets/Scripts/MT.cs using Guid(08cf4ab090295c74f9d78fdd892211de) Importer(815301076,1909f56bfc062723c751e8b465ee728b)  -> (artifact id: '7869aafe767d0dec8890ef65b0b233dc') in 0.041706 seconds
  Import took 0.044521 seconds .

========================================================================
Received Import Request.
  Time since last request: 0.000936 seconds.
  path: Assets/Scripts/MT.cs
  artifactKey: Guid(08cf4ab090295c74f9d78fdd892211de) Importer(815301076,1909f56bfc062723c751e8b465ee728b)
Start importing Assets/Scripts/MT.cs using Guid(08cf4ab090295c74f9d78fdd892211de) Importer(815301076,1909f56bfc062723c751e8b465ee728b)  -> (artifact id: '7869aafe767d0dec8890ef65b0b233dc') in 0.003945 seconds
  Import took 0.006980 seconds .

========================================================================
Received Prepare
Registering precompiled user dll's ...
Registered in 0.010046 seconds.
Begin MonoManager ReloadAssembly
Native extension for WindowsStandalone target not found
Native extension for WebGL target not found
Refreshing native plugins compatible for Editor in 0.32 ms, found 2 plugins.
Preloading 0 native plugins for Editor in 0.00 ms.
Mono: successfully reloaded assembly
- Completed reload, in  1.499 seconds
Platform modules already initialized, skipping
Refreshing native plugins compatible for Editor in 0.36 ms, found 2 plugins.
Preloading 0 native plugins for Editor in 0.00 ms.
Unloading 1384 Unused Serialized files (Serialized files now loaded: 0)
System memory in use before: 64.8 MB.
System memory in use after: 64.9 MB.

Unloading 14 unused Assets to reduce memory usage. Loaded Objects now: 1829.
Total: 2.911100 ms (FindLiveObjects: 0.199800 ms CreateObjectMapping: 0.087600 ms MarkObjects: 2.515600 ms  DeleteObjects: 0.106000 ms)

========================================================================
Received Prepare
Registering precompiled user dll's ...
Registered in 0.010178 seconds.
Begin MonoManager ReloadAssembly
Native extension for WindowsStandalone target not found
Native extension for WebGL target not found
Refreshing native plugins compatible for Editor in 0.34 ms, found 2 plugins.
Preloading 0 native plugins for Editor in 0.00 ms.
Mono: successfully reloaded assembly
- Completed reload, in  1.608 seconds
Platform modules already initialized, skipping
Refreshing native plugins compatible for Editor in 0.38 ms, found 2 plugins.
Preloading 0 native plugins for Editor in 0.00 ms.
Unloading 1384 Unused Serialized files (Serialized files now loaded: 0)
System memory in use before: 64.8 MB.
System memory in use after: 64.9 MB.

Unloading 14 unused Assets to reduce memory usage. Loaded Objects now: 1832.
Total: 2.666000 ms (FindLiveObjects: 0.481000 ms CreateObjectMapping: 0.086000 ms MarkObjects: 2.017900 ms  DeleteObjects: 0.078500 ms)

========================================================================
Received Prepare
Registering precompiled user dll's ...
Registered in 0.007746 seconds.
Begin MonoManager ReloadAssembly
Native extension for WindowsStandalone target not found
Native extension for WebGL target not found
Refreshing native plugins compatible for Editor in 0.32 ms, found 2 plugins.
Preloading 0 native plugins for Editor in 0.00 ms.
Mono: successfully reloaded assembly
- Completed reload, in  1.286 seconds
Platform modules already initialized, skipping
Refreshing native plugins compatible for Editor in 0.56 ms, found 2 plugins.
Preloading 0 native plugins for Editor in 0.00 ms.
Unloading 1384 Unused Serialized files (Serialized files now loaded: 0)
System memory in use before: 64.8 MB.
System memory in use after: 64.9 MB.

Unloading 14 unused Assets to reduce memory usage. Loaded Objects now: 1835.
Total: 2.272500 ms (FindLiveObjects: 0.165600 ms CreateObjectMapping: 0.038900 ms MarkObjects: 1.973300 ms  DeleteObjects: 0.093600 ms)

========================================================================
Received Prepare
Registering precompiled user dll's ...
Registered in 0.006995 seconds.
Begin MonoManager ReloadAssembly
Native extension for WindowsStandalone target not found
Native extension for WebGL target not found
Refreshing native plugins compatible for Editor in 0.38 ms, found 2 plugins.
Preloading 0 native plugins for Editor in 0.00 ms.
Mono: successfully reloaded assembly
- Completed reload, in  1.225 seconds
Platform modules already initialized, skipping
Refreshing native plugins compatible for Editor in 0.31 ms, found 2 plugins.
Preloading 0 native plugins for Editor in 0.00 ms.
Unloading 1384 Unused Serialized files (Serialized files now loaded: 0)
System memory in use before: 64.8 MB.
System memory in use after: 64.9 MB.

Unloading 14 unused Assets to reduce memory usage. Loaded Objects now: 1838.
Total: 2.306200 ms (FindLiveObjects: 0.130600 ms CreateObjectMapping: 0.040000 ms MarkObjects: 2.069000 ms  DeleteObjects: 0.065500 ms)

========================================================================
Received Prepare
Registering precompiled user dll's ...
Registered in 0.007524 seconds.
Begin MonoManager ReloadAssembly
Native extension for WindowsStandalone target not found
Native extension for WebGL target not found
Refreshing native plugins compatible for Editor in 0.57 ms, found 2 plugins.
Preloading 0 native plugins for Editor in 0.00 ms.
Mono: successfully reloaded assembly
- Completed reload, in  1.250 seconds
Platform modules already initialized, skipping
Refreshing native plugins compatible for Editor in 0.37 ms, found 2 plugins.
Preloading 0 native plugins for Editor in 0.00 ms.
Unloading 1384 Unused Serialized files (Serialized files now loaded: 0)
System memory in use before: 64.8 MB.
System memory in use after: 64.9 MB.

Unloading 14 unused Assets to reduce memory usage. Loaded Objects now: 1841.
Total: 2.246800 ms (FindLiveObjects: 0.151700 ms CreateObjectMapping: 0.039400 ms MarkObjects: 1.957000 ms  DeleteObjects: 0.097900 ms)

========================================================================
Received Import Request.
  Time since last request: 4267.423239 seconds.
  path: Assets/Scripts
  artifactKey: Guid(c677830abb6976144b4313686d618619) Importer(815301076,1909f56bfc062723c751e8b465ee728b)
Start importing Assets/Scripts using Guid(c677830abb6976144b4313686d618619) Importer(815301076,1909f56bfc062723c751e8b465ee728b)  -> (artifact id: '038519dfaeb63dd518157fbfcc693229') in 0.079899 seconds
  Import took 0.136818 seconds .

========================================================================
Received Import Request.
  Time since last request: 14.089146 seconds.
  path: Assets/Scripts/Hologram.shader
  artifactKey: Guid(ee6f30d5757ca14459eefdd95b34909a) Importer(815301076,1909f56bfc062723c751e8b465ee728b)
Start importing Assets/Scripts/Hologram.shader using Guid(ee6f30d5757ca14459eefdd95b34909a) Importer(815301076,1909f56bfc062723c751e8b465ee728b)  -> (artifact id: '3b6d57c783fe1df6e6990a26a36cc82c') in 0.274857 seconds
  Import took 0.280263 seconds .

========================================================================
Received Import Request.
  Time since last request: 11.013193 seconds.
  path: Assets/Scripts/Hologram.shader
  artifactKey: Guid(ee6f30d5757ca14459eefdd95b34909a) Importer(815301076,1909f56bfc062723c751e8b465ee728b)
Start importing Assets/Scripts/Hologram.shader using Guid(ee6f30d5757ca14459eefdd95b34909a) Importer(815301076,1909f56bfc062723c751e8b465ee728b)  -> (artifact id: '6fadf16c56064e747ebc119fbd3b3734') in 0.011899 seconds
  Import took 0.016051 seconds .

========================================================================
Received Import Request.
  Time since last request: 3.565472 seconds.
  path: Assets/Scenes/MT.unity
  artifactKey: Guid(3dd61de1d5d49db42a804770b376ba0e) Importer(815301076,1909f56bfc062723c751e8b465ee728b)
Start importing Assets/Scenes/MT.unity using Guid(3dd61de1d5d49db42a804770b376ba0e) Importer(815301076,1909f56bfc062723c751e8b465ee728b)  -> (artifact id: '7c57fa01d5430347ff4b716591b94aee') in 0.011176 seconds
  Import took 0.014321 seconds .

========================================================================
Received Import Request.
  Time since last request: 0.005632 seconds.
  path: Assets/Scenes/MT.unity
  artifactKey: Guid(3dd61de1d5d49db42a804770b376ba0e) Importer(815301076,1909f56bfc062723c751e8b465ee728b)
Start importing Assets/Scenes/MT.unity using Guid(3dd61de1d5d49db42a804770b376ba0e) Importer(815301076,1909f56bfc062723c751e8b465ee728b)  -> (artifact id: '7c57fa01d5430347ff4b716591b94aee') in 0.005616 seconds
  Import took 0.011755 seconds .

========================================================================
Received Import Request.
  Time since last request: 0.352270 seconds.
  path: Assets/Scenes/SampleScene.unity
  artifactKey: Guid(9fc0d4010bbf28b4594072e72b8655ab) Importer(815301076,1909f56bfc062723c751e8b465ee728b)
Start importing Assets/Scenes/SampleScene.unity using Guid(9fc0d4010bbf28b4594072e72b8655ab) Importer(815301076,1909f56bfc062723c751e8b465ee728b)  -> (artifact id: '08b74a653bb15a343caa174250f6ed9b') in 0.010048 seconds
  Import took 0.013156 seconds .

========================================================================
Received Import Request.
  Time since last request: 0.001046 seconds.
  path: Assets/Scenes/SampleScene.unity
  artifactKey: Guid(9fc0d4010bbf28b4594072e72b8655ab) Importer(815301076,1909f56bfc062723c751e8b465ee728b)
Start importing Assets/Scenes/SampleScene.unity using Guid(9fc0d4010bbf28b4594072e72b8655ab) Importer(815301076,1909f56bfc062723c751e8b465ee728b)  -> (artifact id: '08b74a653bb15a343caa174250f6ed9b') in 0.004850 seconds
  Import took 0.008742 seconds .

